Determining if the prototype Z3_get_error_msg exists for HAVE_Z3_GET_ERROR_MSG_NEEDS_CONTEXT failed with the following output:
Change Dir: /build/KLEE/CMakeFiles/CMakeTmp

Run Build Command:"/usr/bin/make" "cmTC_1724a/fast"
/usr/bin/make -f CMakeFiles/cmTC_1724a.dir/build.make CMakeFiles/cmTC_1724a.dir/build
make[1]: Entering directory '/build/KLEE/CMakeFiles/CMakeTmp'
Building C object CMakeFiles/cmTC_1724a.dir/CheckPrototypeDefinition.c.o
/usr/bin/cc   -Wall -Wextra -Wno-unused-parameter    -o CMakeFiles/cmTC_1724a.dir/CheckPrototypeDefinition.c.o   -c /build/KLEE/CMakeFiles/CMakeTmp/CheckPrototypeDefinition.c
/build/KLEE/CMakeFiles/CMakeTmp/CheckPrototypeDefinition.c:14:11: error: conflicting types for 'Z3_get_error_msg'
 Z3_string Z3_get_error_msg(Z3_context c, Z3_error_code err) {
           ^~~~~~~~~~~~~~~~
In file included from /usr/include/z3.h:26:0,
                 from /build/KLEE/CMakeFiles/CMakeTmp/CheckPrototypeDefinition.c:1:
/usr/include/z3_api.h:5314:22: note: previous declaration of 'Z3_get_error_msg' was here
     Z3_string Z3_API Z3_get_error_msg(Z3_error_code err);
                      ^~~~~~~~~~~~~~~~
CMakeFiles/cmTC_1724a.dir/build.make:65: recipe for target 'CMakeFiles/cmTC_1724a.dir/CheckPrototypeDefinition.c.o' failed
make[1]: *** [CMakeFiles/cmTC_1724a.dir/CheckPrototypeDefinition.c.o] Error 1
make[1]: Leaving directory '/build/KLEE/CMakeFiles/CMakeTmp'
Makefile:126: recipe for target 'cmTC_1724a/fast' failed
make: *** [cmTC_1724a/fast] Error 2


#include </usr/include/z3.h>


static void cmakeRequireSymbol(int dummy, ...) {
  (void) dummy;
}

static void checkSymbol(void) {
#ifndef Z3_get_error_msg
  cmakeRequireSymbol(0, &Z3_get_error_msg);
#endif
}

Z3_string Z3_get_error_msg(Z3_context c, Z3_error_code err) {
  return NULL;
}

#ifdef __CLASSIC_C__
int main() {
  int ac;
  char*av[];
#else
int main(int ac, char *av[]) {
#endif
  checkSymbol();
  if (ac > 1000) {
    return *av[0];
  }
  return 0;
}


Determining if the include file sys/capability.h exists failed with the following output:
Change Dir: /build/KLEE/CMakeFiles/CMakeTmp

Run Build Command:"/usr/bin/make" "cmTC_6592d/fast"
/usr/bin/make -f CMakeFiles/cmTC_6592d.dir/build.make CMakeFiles/cmTC_6592d.dir/build
make[1]: Entering directory '/build/KLEE/CMakeFiles/CMakeTmp'
Building C object CMakeFiles/cmTC_6592d.dir/CheckIncludeFile.c.o
/usr/bin/cc   -Wall -Wextra -Wno-unused-parameter    -o CMakeFiles/cmTC_6592d.dir/CheckIncludeFile.c.o   -c /build/KLEE/CMakeFiles/CMakeTmp/CheckIncludeFile.c
/build/KLEE/CMakeFiles/CMakeTmp/CheckIncludeFile.c:1:10: fatal error: sys/capability.h: No such file or directory
 #include <sys/capability.h>
          ^~~~~~~~~~~~~~~~~~
compilation terminated.
CMakeFiles/cmTC_6592d.dir/build.make:65: recipe for target 'CMakeFiles/cmTC_6592d.dir/CheckIncludeFile.c.o' failed
make[1]: *** [CMakeFiles/cmTC_6592d.dir/CheckIncludeFile.c.o] Error 1
make[1]: Leaving directory '/build/KLEE/CMakeFiles/CMakeTmp'
Makefile:126: recipe for target 'cmTC_6592d/fast' failed
make: *** [cmTC_6592d/fast] Error 2


Determining if the include file util.h exists failed with the following output:
Change Dir: /build/KLEE/CMakeFiles/CMakeTmp

Run Build Command:"/usr/bin/make" "cmTC_c5fa9/fast"
/usr/bin/make -f CMakeFiles/cmTC_c5fa9.dir/build.make CMakeFiles/cmTC_c5fa9.dir/build
make[1]: Entering directory '/build/KLEE/CMakeFiles/CMakeTmp'
Building C object CMakeFiles/cmTC_c5fa9.dir/CheckIncludeFile.c.o
/usr/bin/cc   -Wall -Wextra -Wno-unused-parameter    -o CMakeFiles/cmTC_c5fa9.dir/CheckIncludeFile.c.o   -c /build/KLEE/CMakeFiles/CMakeTmp/CheckIncludeFile.c
/build/KLEE/CMakeFiles/CMakeTmp/CheckIncludeFile.c:1:10: fatal error: util.h: No such file or directory
 #include <util.h>
          ^~~~~~~~
compilation terminated.
CMakeFiles/cmTC_c5fa9.dir/build.make:65: recipe for target 'CMakeFiles/cmTC_c5fa9.dir/CheckIncludeFile.c.o' failed
make[1]: *** [CMakeFiles/cmTC_c5fa9.dir/CheckIncludeFile.c.o] Error 1
make[1]: Leaving directory '/build/KLEE/CMakeFiles/CMakeTmp'
Makefile:126: recipe for target 'cmTC_c5fa9/fast' failed
make: *** [cmTC_c5fa9/fast] Error 2


Determining if the include file libutil.h exists failed with the following output:
Change Dir: /build/KLEE/CMakeFiles/CMakeTmp

Run Build Command:"/usr/bin/make" "cmTC_5591f/fast"
/usr/bin/make -f CMakeFiles/cmTC_5591f.dir/build.make CMakeFiles/cmTC_5591f.dir/build
make[1]: Entering directory '/build/KLEE/CMakeFiles/CMakeTmp'
Building C object CMakeFiles/cmTC_5591f.dir/CheckIncludeFile.c.o
/usr/bin/cc   -Wall -Wextra -Wno-unused-parameter    -o CMakeFiles/cmTC_5591f.dir/CheckIncludeFile.c.o   -c /build/KLEE/CMakeFiles/CMakeTmp/CheckIncludeFile.c
/build/KLEE/CMakeFiles/CMakeTmp/CheckIncludeFile.c:1:10: fatal error: libutil.h: No such file or directory
 #include <libutil.h>
          ^~~~~~~~~~~
compilation terminated.
CMakeFiles/cmTC_5591f.dir/build.make:65: recipe for target 'CMakeFiles/cmTC_5591f.dir/CheckIncludeFile.c.o' failed
make[1]: *** [CMakeFiles/cmTC_5591f.dir/CheckIncludeFile.c.o] Error 1
make[1]: Leaving directory '/build/KLEE/CMakeFiles/CMakeTmp'
Makefile:126: recipe for target 'cmTC_5591f/fast' failed
make: *** [cmTC_5591f/fast] Error 2


Determining if the function openpty exists failed with the following output:
Change Dir: /build/KLEE/CMakeFiles/CMakeTmp

Run Build Command:"/usr/bin/make" "cmTC_f073c/fast"
/usr/bin/make -f CMakeFiles/cmTC_f073c.dir/build.make CMakeFiles/cmTC_f073c.dir/build
make[1]: Entering directory '/build/KLEE/CMakeFiles/CMakeTmp'
Building C object CMakeFiles/cmTC_f073c.dir/CheckFunctionExists.c.o
/usr/bin/cc   -Wall -Wextra -Wno-unused-parameter -DCHECK_FUNCTION_EXISTS=openpty   -o CMakeFiles/cmTC_f073c.dir/CheckFunctionExists.c.o   -c /usr/share/cmake-3.10/Modules/CheckFunctionExists.c
Linking C executable cmTC_f073c
/usr/bin/cmake -E cmake_link_script CMakeFiles/cmTC_f073c.dir/link.txt --verbose=1
/usr/bin/cc  -Wall -Wextra -Wno-unused-parameter -DCHECK_FUNCTION_EXISTS=openpty    -rdynamic CMakeFiles/cmTC_f073c.dir/CheckFunctionExists.c.o  -o cmTC_f073c 
CMakeFiles/cmTC_f073c.dir/CheckFunctionExists.c.o: In function `main':
CheckFunctionExists.c:(.text+0x10): undefined reference to `openpty'
collect2: error: ld returned 1 exit status
CMakeFiles/cmTC_f073c.dir/build.make:97: recipe for target 'cmTC_f073c' failed
make[1]: *** [cmTC_f073c] Error 1
make[1]: Leaving directory '/build/KLEE/CMakeFiles/CMakeTmp'
Makefile:126: recipe for target 'cmTC_f073c/fast' failed
make: *** [cmTC_f073c/fast] Error 2


Determining if the malloc_zone_statistics exist failed with the following output:
Change Dir: /build/KLEE/CMakeFiles/CMakeTmp

Run Build Command:"/usr/bin/make" "cmTC_af768/fast"
/usr/bin/make -f CMakeFiles/cmTC_af768.dir/build.make CMakeFiles/cmTC_af768.dir/build
make[1]: Entering directory '/build/KLEE/CMakeFiles/CMakeTmp'
Building CXX object CMakeFiles/cmTC_af768.dir/CheckSymbolExists.cxx.o
/usr/bin/c++    -Wall -Wextra -Wno-unused-parameter    -o CMakeFiles/cmTC_af768.dir/CheckSymbolExists.cxx.o -c /build/KLEE/CMakeFiles/CMakeTmp/CheckSymbolExists.cxx
/build/KLEE/CMakeFiles/CMakeTmp/CheckSymbolExists.cxx:2:10: fatal error: malloc/malloc.h: No such file or directory
 #include <malloc/malloc.h>
          ^~~~~~~~~~~~~~~~~
compilation terminated.
CMakeFiles/cmTC_af768.dir/build.make:65: recipe for target 'CMakeFiles/cmTC_af768.dir/CheckSymbolExists.cxx.o' failed
make[1]: *** [CMakeFiles/cmTC_af768.dir/CheckSymbolExists.cxx.o] Error 1
make[1]: Leaving directory '/build/KLEE/CMakeFiles/CMakeTmp'
Makefile:126: recipe for target 'cmTC_af768/fast' failed
make: *** [cmTC_af768/fast] Error 2

File /build/KLEE/CMakeFiles/CMakeTmp/CheckSymbolExists.cxx:
/* */
#include <malloc/malloc.h>

int main(int argc, char** argv)
{
  (void)argv;
#ifndef malloc_zone_statistics
  return ((int*)(&malloc_zone_statistics))[argc];
#else
  (void)argc;
  return 0;
#endif
}

Determining if the include file selinux/selinux.h exists failed with the following output:
Change Dir: /build/KLEE/CMakeFiles/CMakeTmp

Run Build Command:"/usr/bin/make" "cmTC_db554/fast"
/usr/bin/make -f CMakeFiles/cmTC_db554.dir/build.make CMakeFiles/cmTC_db554.dir/build
make[1]: Entering directory '/build/KLEE/CMakeFiles/CMakeTmp'
Building C object CMakeFiles/cmTC_db554.dir/CheckIncludeFile.c.o
/usr/bin/cc   -Wall -Wextra -Wno-unused-parameter    -o CMakeFiles/cmTC_db554.dir/CheckIncludeFile.c.o   -c /build/KLEE/CMakeFiles/CMakeTmp/CheckIncludeFile.c
/build/KLEE/CMakeFiles/CMakeTmp/CheckIncludeFile.c:1:10: fatal error: selinux/selinux.h: No such file or directory
 #include <selinux/selinux.h>
          ^~~~~~~~~~~~~~~~~~~
compilation terminated.
CMakeFiles/cmTC_db554.dir/build.make:65: recipe for target 'CMakeFiles/cmTC_db554.dir/CheckIncludeFile.c.o' failed
make[1]: *** [CMakeFiles/cmTC_db554.dir/CheckIncludeFile.c.o] Error 1
make[1]: Leaving directory '/build/KLEE/CMakeFiles/CMakeTmp'
Makefile:126: recipe for target 'cmTC_db554/fast' failed
make: *** [cmTC_db554/fast] Error 2


Determining if the include file sys/acl.h exists failed with the following output:
Change Dir: /build/KLEE/CMakeFiles/CMakeTmp

Run Build Command:"/usr/bin/make" "cmTC_9d311/fast"
/usr/bin/make -f CMakeFiles/cmTC_9d311.dir/build.make CMakeFiles/cmTC_9d311.dir/build
make[1]: Entering directory '/build/KLEE/CMakeFiles/CMakeTmp'
Building C object CMakeFiles/cmTC_9d311.dir/CheckIncludeFile.c.o
/usr/bin/cc   -Wall -Wextra -Wno-unused-parameter    -o CMakeFiles/cmTC_9d311.dir/CheckIncludeFile.c.o   -c /build/KLEE/CMakeFiles/CMakeTmp/CheckIncludeFile.c
/build/KLEE/CMakeFiles/CMakeTmp/CheckIncludeFile.c:1:10: fatal error: sys/acl.h: No such file or directory
 #include <sys/acl.h>
          ^~~~~~~~~~~
compilation terminated.
CMakeFiles/cmTC_9d311.dir/build.make:65: recipe for target 'CMakeFiles/cmTC_9d311.dir/CheckIncludeFile.c.o' failed
make[1]: *** [CMakeFiles/cmTC_9d311.dir/CheckIncludeFile.c.o] Error 1
make[1]: Leaving directory '/build/KLEE/CMakeFiles/CMakeTmp'
Makefile:126: recipe for target 'cmTC_9d311/fast' failed
make: *** [cmTC_9d311/fast] Error 2


Performing C++ SOURCE FILE Test LLVM_PR39177_FIXED failed with the following output:
Change Dir: /build/KLEE/CMakeFiles/CMakeTmp

Run Build Command:"/usr/bin/make" "cmTC_4e6da/fast"
/usr/bin/make -f CMakeFiles/cmTC_4e6da.dir/build.make CMakeFiles/cmTC_4e6da.dir/build
make[1]: Entering directory '/build/KLEE/CMakeFiles/CMakeTmp'
Building CXX object CMakeFiles/cmTC_4e6da.dir/src.cxx.o
/usr/bin/c++   -I/usr/lib/llvm-6.0/include  -Wall -Wextra -Wno-unused-parameter -DLLVM_PR39177_FIXED   -o CMakeFiles/cmTC_4e6da.dir/src.cxx.o -c /build/KLEE/CMakeFiles/CMakeTmp/src.cxx
Linking CXX executable cmTC_4e6da
/usr/bin/cmake -E cmake_link_script CMakeFiles/cmTC_4e6da.dir/link.txt --verbose=1
/usr/bin/c++   -Wall -Wextra -Wno-unused-parameter -DLLVM_PR39177_FIXED    -rdynamic CMakeFiles/cmTC_4e6da.dir/src.cxx.o  -o cmTC_4e6da -Wl,-rpath,/usr/lib/llvm-6.0/lib /usr/lib/llvm-6.0/lib/libLLVM-6.0.so 
make[1]: Leaving directory '/build/KLEE/CMakeFiles/CMakeTmp'

Return value: 1
Source file was:

    #include "llvm/Analysis/TargetLibraryInfo.h"
    #include "llvm/AsmParser/Parser.h"
    #include "llvm/AsmParser/SlotMapping.h"
    #include "llvm/IR/ConstantFolder.h"
    #include "llvm/IR/Constants.h"
    #include "llvm/IR/DataLayout.h"
    #include "llvm/IR/DiagnosticInfo.h"
    #include "llvm/IR/Instructions.h"
    #include "llvm/IR/IRBuilder.h"
    #include "llvm/IR/LLVMContext.h"
    #include "llvm/Transforms/Utils/BuildLibCalls.h"

    #include <signal.h>

    void handler(int, siginfo_t*, void*) {
      // program received SIGSEGV
      exit(1);
    }

    using namespace llvm;

    int main() {
      // capture segfault
      struct sigaction action;
      memset(&action, 0, sizeof(struct sigaction));
      action.sa_flags = SA_SIGINFO;
      action.sa_sigaction = handler;
      sigaction(SIGSEGV, &action, NULL);

      // setup test
      LLVMContext Ctx;
      SMDiagnostic Error;
      SlotMapping Mapping;
      auto M = llvm::parseAssemblyFile("/KLEE/cmake/workaround_llvm_pr39177.ll", Error, Ctx, &Mapping);
      if (!M) {
        Error.print("AssemblyString", llvm::errs());
        return -1;
      }

      auto *F = M->getFunction("test");
      auto *CI = cast<CallInst>(&*std::next(F->begin()->begin()));
      auto &DL = M->getDataLayout();
      Value *Size = ConstantInt::get(DL.getIntPtrType(Ctx), 8);
      ConstantFolder CF;
      IRBuilder<> B(&*F->begin(), CF);
      TargetLibraryInfo TLI = TargetLibraryInfoWrapperPass({"x86_64", "", "linux-gnu"}).getTLI();

      // test if this call produces segfault
      emitFWrite(CI->getArgOperand(1), Size, CI->getArgOperand(0), B, DL, &TLI);

      return 0;
    }
Determining if the pthread_create exist failed with the following output:
Change Dir: /build/KLEE/CMakeFiles/CMakeTmp

Run Build Command:"/usr/bin/make" "cmTC_ee37a/fast"
/usr/bin/make -f CMakeFiles/cmTC_ee37a.dir/build.make CMakeFiles/cmTC_ee37a.dir/build
make[1]: Entering directory '/build/KLEE/CMakeFiles/CMakeTmp'
Building C object CMakeFiles/cmTC_ee37a.dir/CheckSymbolExists.c.o
/usr/bin/cc   -Wall -Wextra -Wno-unused-parameter    -o CMakeFiles/cmTC_ee37a.dir/CheckSymbolExists.c.o   -c /build/KLEE/CMakeFiles/CMakeTmp/CheckSymbolExists.c
Linking C executable cmTC_ee37a
/usr/bin/cmake -E cmake_link_script CMakeFiles/cmTC_ee37a.dir/link.txt --verbose=1
/usr/bin/cc  -Wall -Wextra -Wno-unused-parameter     -rdynamic CMakeFiles/cmTC_ee37a.dir/CheckSymbolExists.c.o  -o cmTC_ee37a 
CMakeFiles/cmTC_ee37a.dir/CheckSymbolExists.c.o: In function `main':
CheckSymbolExists.c:(.text+0x1b): undefined reference to `pthread_create'
collect2: error: ld returned 1 exit status
CMakeFiles/cmTC_ee37a.dir/build.make:97: recipe for target 'cmTC_ee37a' failed
make[1]: *** [cmTC_ee37a] Error 1
make[1]: Leaving directory '/build/KLEE/CMakeFiles/CMakeTmp'
Makefile:126: recipe for target 'cmTC_ee37a/fast' failed
make: *** [cmTC_ee37a/fast] Error 2

File /build/KLEE/CMakeFiles/CMakeTmp/CheckSymbolExists.c:
/* */
#include <pthread.h>

int main(int argc, char** argv)
{
  (void)argv;
#ifndef pthread_create
  return ((int*)(&pthread_create))[argc];
#else
  (void)argc;
  return 0;
#endif
}

Determining if the function pthread_create exists in the pthreads failed with the following output:
Change Dir: /build/KLEE/CMakeFiles/CMakeTmp

Run Build Command:"/usr/bin/make" "cmTC_dddba/fast"
/usr/bin/make -f CMakeFiles/cmTC_dddba.dir/build.make CMakeFiles/cmTC_dddba.dir/build
make[1]: Entering directory '/build/KLEE/CMakeFiles/CMakeTmp'
Building C object CMakeFiles/cmTC_dddba.dir/CheckFunctionExists.c.o
/usr/bin/cc   -Wall -Wextra -Wno-unused-parameter -DCHECK_FUNCTION_EXISTS=pthread_create   -o CMakeFiles/cmTC_dddba.dir/CheckFunctionExists.c.o   -c /usr/share/cmake-3.10/Modules/CheckFunctionExists.c
Linking C executable cmTC_dddba
/usr/bin/cmake -E cmake_link_script CMakeFiles/cmTC_dddba.dir/link.txt --verbose=1
/usr/bin/cc  -Wall -Wextra -Wno-unused-parameter -DCHECK_FUNCTION_EXISTS=pthread_create    -rdynamic CMakeFiles/cmTC_dddba.dir/CheckFunctionExists.c.o  -o cmTC_dddba -lpthreads 
/usr/bin/ld: cannot find -lpthreads
collect2: error: ld returned 1 exit status
CMakeFiles/cmTC_dddba.dir/build.make:97: recipe for target 'cmTC_dddba' failed
make[1]: *** [cmTC_dddba] Error 1
make[1]: Leaving directory '/build/KLEE/CMakeFiles/CMakeTmp'
Makefile:126: recipe for target 'cmTC_dddba/fast' failed
make: *** [cmTC_dddba/fast] Error 2


